<?xml version="1.0" encoding="UTF-8"?>
<!-- Generated by org.testng.reporters.JUnitReportReporter -->
<testsuite hostname="Lenova" failures="0" tests="1" name="com.orangeHrm.testCases.TC_SearchEmployee_005" time="8.304" errors="0" timestamp="2024-05-19T10:42:02 IST" skipped="0">
  <testcase classname="com.orangeHrm.testCases.TC_SearchEmployee_005" name="searchemployeetist" time="8.304"/>
</testsuite> <!-- com.orangeHrm.testCases.TC_SearchEmployee_005 -->
