<?xml version="1.0" encoding="UTF-8"?>
<!-- Generated by org.testng.reporters.JUnitReportReporter -->
<testsuite hostname="Lenova" failures="0" tests="1" name="com.orangeHrm.testCases.TC_DeleteEmployee_006" time="9.700" errors="0" timestamp="2024-05-19T11:19:53 IST" skipped="0">
  <testcase classname="com.orangeHrm.testCases.TC_DeleteEmployee_006" name="deleteemployee" time="9.700"/>
</testsuite> <!-- com.orangeHrm.testCases.TC_DeleteEmployee_006 -->
