<?xml version="1.0" encoding="UTF-8"?>
<!-- Generated by org.testng.reporters.JUnitReportReporter -->
<testsuite hostname="Lenova" failures="0" tests="1" name="com.orangeHrm.testCases.TC_ForgetPwd_003" time="12.983" errors="0" timestamp="2024-05-16T10:28:53 IST" skipped="0">
  <testcase classname="com.orangeHrm.testCases.TC_ForgetPwd_003" name="forgetpwd" time="12.983"/>
</testsuite> <!-- com.orangeHrm.testCases.TC_ForgetPwd_003 -->
