<?xml version="1.0" encoding="UTF-8"?>
<!-- Generated by org.testng.reporters.JUnitReportReporter -->
<testsuite hostname="Lenova" failures="0" tests="1" name="com.orangeHrm.testCases.TC_CreateAdminJobTitles_004" time="14.529" errors="0" timestamp="2024-05-19T10:05:17 IST" skipped="0">
  <testcase classname="com.orangeHrm.testCases.TC_CreateAdminJobTitles_004" name="createadmintitle" time="14.529"/>
</testsuite> <!-- com.orangeHrm.testCases.TC_CreateAdminJobTitles_004 -->
